<?xml version="1.0" encoding="UTF-8"?>
<!-- Generated by org.testng.reporters.JUnitReportReporter -->
<testsuite name="testCases.DeleteUsers" tests="1" time="147.299" ignored="0" failures="0" timestamp="11 Jan 2021 17:21:00 GMT" skipped="0" hostname="idc-schandrasekhar" errors="0">
  <testcase name="TC_DeleteUsers" time="147.299" classname="testCases.DeleteUsers"/>
</testsuite> <!-- testCases.DeleteUsers -->
