<?xml version="1.0" encoding="UTF-8"?>
<!-- Generated by org.testng.reporters.JUnitReportReporter -->
<testsuite name="testCases.Data_mining" tests="1" time="86.914" ignored="0" failures="0" timestamp="14 Jan 2021 16:22:08 GMT" skipped="0" hostname="idc-schandrasekhar" errors="0">
  <testcase name="TC_DownloadDMReport" time="86.914" classname="testCases.Data_mining"/>
</testsuite> <!-- testCases.Data_mining -->
