<?xml version="1.0" encoding="UTF-8"?>
<!-- Generated by org.testng.reporters.JUnitReportReporter -->
<testsuite name="testCases.AddUsers" tests="1" time="97.719" ignored="0" failures="0" timestamp="14 Jan 2021 15:24:18 GMT" skipped="0" hostname="idc-schandrasekhar" errors="0">
  <testcase name="TC_AddUsers" time="97.719" classname="testCases.AddUsers"/>
</testsuite> <!-- testCases.AddUsers -->
