<?xml version="1.0" encoding="UTF-8"?>
<!-- Generated by org.testng.reporters.JUnitReportReporter -->
<testsuite name="testCases.Assessment2" tests="1" time="13.577" ignored="0" failures="0" timestamp="13 Jan 2021 21:25:50 GMT" skipped="0" hostname="idc-schandrasekhar" errors="0">
  <testcase name="Assessment" time="13.577" classname="testCases.Assessment2"/>
</testsuite> <!-- testCases.Assessment2 -->
