<?xml version="1.0" encoding="UTF-8"?>
<!-- Generated by org.testng.reporters.JUnitReportReporter -->
<testsuite name="testCases.ReportGeneration" tests="1" time="38.521" ignored="0" failures="0" timestamp="14 Jan 2021 14:52:28 GMT" skipped="0" hostname="idc-schandrasekhar" errors="0">
  <testcase name="Assessment" time="38.521" classname="testCases.ReportGeneration"/>
</testsuite> <!-- testCases.ReportGeneration -->
