<?xml version="1.0" encoding="UTF-8"?>
<!-- Generated by org.testng.reporters.JUnitReportReporter -->
<testsuite name="testCases.SysDig_AddUsers" tests="1" time="87.341" ignored="0" failures="0" timestamp="18 Sep 2020 16:04:53 GMT" skipped="0" hostname="idc-schandrasekhar" errors="0">
  <testcase name="TC_AddUsers" time="87.341" classname="testCases.SysDig_AddUsers"/>
</testsuite> <!-- testCases.SysDig_AddUsers -->
