<?xml version="1.0" encoding="UTF-8"?>
<!-- Generated by org.testng.reporters.JUnitReportReporter -->
<testsuite name="testCases.GmailLogin" tests="1" time="14.421" ignored="0" failures="0" timestamp="14 Jan 2021 16:02:04 GMT" skipped="0" hostname="idc-schandrasekhar" errors="0">
  <testcase name="GmailAccess" time="14.421" classname="testCases.GmailLogin"/>
</testsuite> <!-- testCases.GmailLogin -->
