<?xml version="1.0" encoding="UTF-8"?>
<!-- Generated by org.testng.reporters.JUnitReportReporter -->
<testsuite hostname="idc-schandrasekhar" name="Sysdig.SysDig" tests="1" failures="0" timestamp="24 Sep 2019 18:36:51 GMT" time="87.421" errors="0">
  <testcase name="assessment" time="87.421" classname="Sysdig.SysDig"/>
</testsuite> <!-- Sysdig.SysDig -->
