<?xml version="1.0" encoding="UTF-8"?>
<!-- Generated by org.testng.reporters.JUnitReportReporter -->
<testsuite skipped="0" hostname="idc-schandrasekhar" name="netAppNGDC.NetAppGermanTest" tests="1" failures="0" timestamp="2019-02-09T21:53:59 EST" time="73.998" errors="0">
  <testcase name="assessment" time="73.998" classname="netAppNGDC.NetAppGermanTest"/>
</testsuite> <!-- netAppNGDC.NetAppGermanTest -->
